Using pre-set license
Built from '2021.2/china_unity/release' branch; Version is '2021.2.3f1c1 (7216c3a06de6) revision 7476931'; Using compiler version '192829333'; Build Type 'Release'
OS: 'Windows 10 Enterprise; OS build 18363.418; Version 1909; 64bit' Language: 'zh' Physical Memory: 8035 MB
BatchMode: 1, IsHumanControllingUs: 0, StartBugReporterOnCrash: 0, Is64bit: 1, IsPro: 0

COMMAND LINE ARGUMENTS:
E:\Unity\Unity 2021.2.3f1c1\Editor\Unity.exe
-adb2
-batchMode
-noUpm
-name
AssetImportWorker5
-projectPath
E:/Unity/Project/tank
-logFile
Logs/AssetImportWorker5.log
-srvPort
57658
Successfully changed project path to: E:/Unity/Project/tank
E:/Unity/Project/tank
[UnityMemory] Configuration Parameters - Can be set up in boot.config
    "memorysetup-bucket-allocator-granularity=16"
    "memorysetup-bucket-allocator-bucket-count=8"
    "memorysetup-bucket-allocator-block-size=33554432"
    "memorysetup-bucket-allocator-block-count=8"
    "memorysetup-main-allocator-block-size=16777216"
    "memorysetup-thread-allocator-block-size=16777216"
    "memorysetup-gfx-main-allocator-block-size=16777216"
    "memorysetup-gfx-thread-allocator-block-size=16777216"
    "memorysetup-cache-allocator-block-size=4194304"
    "memorysetup-typetree-allocator-block-size=2097152"
    "memorysetup-profiler-bucket-allocator-granularity=16"
    "memorysetup-profiler-bucket-allocator-bucket-count=8"
    "memorysetup-profiler-bucket-allocator-block-size=33554432"
    "memorysetup-profiler-bucket-allocator-block-count=8"
    "memorysetup-profiler-allocator-block-size=16777216"
    "memorysetup-profiler-editor-allocator-block-size=1048576"
    "memorysetup-temp-allocator-size-main=16777216"
    "memorysetup-job-temp-allocator-block-size=2097152"
    "memorysetup-job-temp-allocator-block-size-background=1048576"
    "memorysetup-job-temp-allocator-reduction-small-platforms=262144"
    "memorysetup-temp-allocator-size-background-worker=32768"
    "memorysetup-temp-allocator-size-job-worker=262144"
    "memorysetup-temp-allocator-size-preload-manager=33554432"
    "memorysetup-temp-allocator-size-nav-mesh-worker=65536"
    "memorysetup-temp-allocator-size-audio-worker=65536"
    "memorysetup-temp-allocator-size-cloud-worker=32768"
    "memorysetup-temp-allocator-size-gi-baking-worker=262144"
    "memorysetup-temp-allocator-size-gfx=262144"
AS: AutoStreaming module initializing.
Refreshing native plugins compatible for Editor in 100.60 ms, found 4 plugins.
Preloading 0 native plugins for Editor in 0.00 ms.
Initialize engine version: 2021.2.3f1c1 (7216c3a06de6)
[Subsystems] Discovering subsystems at path E:/Unity/Unity 2021.2.3f1c1/Editor/Data/Resources/UnitySubsystems
[Subsystems] Discovering subsystems at path E:/Unity/Project/tank/Assets
GfxDevice: creating device client; threaded=0; jobified=0
Direct3D:
    Version:  Direct3D 11.0 [level 11.1]
    Renderer: NVIDIA GeForce GTX 1060 (ID=0x1c20)
    Vendor:   NVIDIA
    VRAM:     6052 MB
    Driver:   30.0.14.7212
Initialize mono
Mono path[0] = 'E:/Unity/Unity 2021.2.3f1c1/Editor/Data/Managed'
Mono path[1] = 'E:/Unity/Unity 2021.2.3f1c1/Editor/Data/MonoBleedingEdge/lib/mono/unityjit-win32'
Mono config path = 'E:/Unity/Unity 2021.2.3f1c1/Editor/Data/MonoBleedingEdge/etc'
Using monoOptions --debugger-agent=transport=dt_socket,embedding=1,server=y,suspend=n,address=127.0.0.1:56668
Begin MonoManager ReloadAssembly
Registering precompiled unity dll's ...
Register platform support module: E:/Unity/Unity 2021.2.3f1c1/Editor/Data/PlaybackEngines/WindowsStandaloneSupport/UnityEditor.WindowsStandalone.Extensions.dll
Registered in 0.003304 seconds.
Native extension for WindowsStandalone target not found
Refreshing native plugins compatible for Editor in 93.97 ms, found 4 plugins.
Preloading 0 native plugins for Editor in 0.00 ms.
Mono: successfully reloaded assembly
- Completed reload, in  0.662 seconds
Domain Reload Profiling:
	ReloadAssembly (662ms)
		BeginReloadAssembly (95ms)
			ExecutionOrderSort (0ms)
			DisableScriptedObjects (0ms)
			BackupInstance (0ms)
			ReleaseScriptingObjects (0ms)
			CreateAndSetChildDomain (1ms)
		EndReloadAssembly (483ms)
			LoadAssemblies (89ms)
			RebuildTransferFunctionScriptingTraits (0ms)
			SetupTypeCache (97ms)
			ReleaseScriptCaches (0ms)
			RebuildScriptCaches (27ms)
			SetupLoadedEditorAssemblies (298ms)
				LogAssemblyErrors (0ms)
				InitializePlatformSupportModulesInManaged (15ms)
				SetLoadedEditorAssemblies (0ms)
				RefreshPlugins (94ms)
				BeforeProcessingInitializeOnLoad (1ms)
				ProcessInitializeOnLoadAttributes (134ms)
				ProcessInitializeOnLoadMethodAttributes (53ms)
				AfterProcessingInitializeOnLoad (0ms)
				EditorAssembliesLoaded (0ms)
			ExecutionOrderSort2 (0ms)
			AwakeInstancesAfterBackupRestoration (0ms)
Platform modules already initialized, skipping
Registering precompiled user dll's ...
Registered in 0.019355 seconds.
Begin MonoManager ReloadAssembly
Symbol file LoadedFromMemory doesn't match image E:\Unity\Project\tank\Library\PackageCache\com.unity.visualscripting@1.7.5\Editor\VisualScripting.Core\Dependencies\YamlDotNet\Unity.VisualScripting.YamlDotNet.dll
Symbol file LoadedFromMemory doesn't match image E:\Unity\Project\tank\Library\PackageCache\com.unity.visualscripting@1.7.5\Editor\VisualScripting.Core\Dependencies\DotNetZip\Unity.VisualScripting.IonicZip.dll
Native extension for WindowsStandalone target not found
Refreshing native plugins compatible for Editor in 93.92 ms, found 4 plugins.
Preloading 0 native plugins for Editor in 0.00 ms.
Mono: successfully reloaded assembly
- Completed reload, in  1.934 seconds
Domain Reload Profiling:
	ReloadAssembly (1935ms)
		BeginReloadAssembly (240ms)
			ExecutionOrderSort (0ms)
			DisableScriptedObjects (6ms)
			BackupInstance (0ms)
			ReleaseScriptingObjects (0ms)
			CreateAndSetChildDomain (31ms)
		EndReloadAssembly (1577ms)
			LoadAssemblies (138ms)
			RebuildTransferFunctionScriptingTraits (0ms)
			SetupTypeCache (227ms)
			ReleaseScriptCaches (1ms)
			RebuildScriptCaches (53ms)
			SetupLoadedEditorAssemblies (1073ms)
				LogAssemblyErrors (0ms)
				InitializePlatformSupportModulesInManaged (10ms)
				SetLoadedEditorAssemblies (0ms)
				RefreshPlugins (94ms)
				BeforeProcessingInitializeOnLoad (100ms)
				ProcessInitializeOnLoadAttributes (821ms)
				ProcessInitializeOnLoadMethodAttributes (33ms)
				AfterProcessingInitializeOnLoad (15ms)
				EditorAssembliesLoaded (0ms)
			ExecutionOrderSort2 (0ms)
			AwakeInstancesAfterBackupRestoration (8ms)
Platform modules already initialized, skipping
========================================================================
Worker process is ready to serve import requests
Launched and connected shader compiler UnityShaderCompiler.exe after 0.25 seconds
Refreshing native plugins compatible for Editor in 0.71 ms, found 4 plugins.
Preloading 0 native plugins for Editor in 0.00 ms.
Unloading 3921 Unused Serialized files (Serialized files now loaded: 0)
Unloading 37 unused Assets / (56.1 KB). Loaded Objects now: 4380.
Memory consumption went from 152.0 MB to 151.9 MB.
Total: 4.254600 ms (FindLiveObjects: 0.324900 ms CreateObjectMapping: 0.217700 ms MarkObjects: 3.625300 ms  DeleteObjects: 0.085800 ms)

AssetImportParameters requested are different than current active one (requested -> active):
  custom:video-decoder-ogg-theora: a1e56fd34408186e4bbccfd4996cb3dc -> 
  custom:container-muxer-webm: aa71ff27fc2769a1b78a27578f13a17b -> 
  custom:container-demuxer-webm: 4f35f7cbe854078d1ac9338744f61a02 -> 
  custom:video-encoder-webm-vp8: eb34c28f22e8b96e1ab97ce403110664 -> 
  custom:audio-encoder-webm-vorbis: bf7c407c2cedff20999df2af8eb42d56 -> 
  custom:framework-win-MediaFoundation: 216162199b28c13a410421893ffa2e32 -> 
  custom:container-demuxer-ogg: 62fdf1f143b41e24485cea50d1cbac27 -> 
  custom:video-decoder-webm-vp8: 9c59270c3fd7afecdb556c50c9e8de78 -> 
  custom:audio-decoder-ogg-vorbis: bf7c407c2cedff20999df2af8eb42d56 -> 
========================================================================
Received Import Request.
  Time since last request: 163964.679757 seconds.
  path: Assets/prefabs/Tank War Prefab/map/bullet_enemy.prefab
  artifactKey: Guid(67df831e5418cda42b8e5e5c4e3c3d9e) Importer(815301076,1909f56bfc062723c751e8b465ee728b)
Start importing Assets/prefabs/Tank War Prefab/map/bullet_enemy.prefab using Guid(67df831e5418cda42b8e5e5c4e3c3d9e) Importer(815301076,1909f56bfc062723c751e8b465ee728b)  -> (artifact id: '582036d82a6a1c601f80badeccb43e04') in 0.144262 seconds 
========================================================================
Received Import Request.
  Time since last request: 0.000024 seconds.
  path: Assets/prefabs/Tank War Prefab/map/Enemy_big_fast.prefab
  artifactKey: Guid(7e4b9cc70fe5bd842b732a0c7a31da15) Importer(815301076,1909f56bfc062723c751e8b465ee728b)
Start importing Assets/prefabs/Tank War Prefab/map/Enemy_big_fast.prefab using Guid(7e4b9cc70fe5bd842b732a0c7a31da15) Importer(815301076,1909f56bfc062723c751e8b465ee728b)  -> (artifact id: '675514c4be6219f57420389ea1a7ce07') in 0.026413 seconds 
========================================================================
Received Import Request.
  Time since last request: 0.000031 seconds.
  path: Assets/prefabs/Tank War Prefab/map/bullet_player.prefab
  artifactKey: Guid(84f3d742a07ef7e4c970f7a8bf1950cc) Importer(815301076,1909f56bfc062723c751e8b465ee728b)
Start importing Assets/prefabs/Tank War Prefab/map/bullet_player.prefab using Guid(84f3d742a07ef7e4c970f7a8bf1950cc) Importer(815301076,1909f56bfc062723c751e8b465ee728b)  -> (artifact id: 'feb3f31be39e96b12793753f45d968b0') in 0.030885 seconds 
========================================================================
Received Import Request.
  Time since last request: 1.872009 seconds.
  path: Assets/prefabs/Tank War Prefab/map/bullet_enemy.prefab
  artifactKey: Guid(67df831e5418cda42b8e5e5c4e3c3d9e) Importer(815301076,1909f56bfc062723c751e8b465ee728b)
Start importing Assets/prefabs/Tank War Prefab/map/bullet_enemy.prefab using Guid(67df831e5418cda42b8e5e5c4e3c3d9e) Importer(815301076,1909f56bfc062723c751e8b465ee728b)  -> (artifact id: 'bf233067e281fadb706edabb8e2de64b') in 0.057016 seconds 
========================================================================
Received Import Request.
  Time since last request: 0.000030 seconds.
  path: Assets/prefabs/Tank War Prefab/map/Enemy_slow.prefab
  artifactKey: Guid(ce80f06e0a0b2cf4f9719f4b8ebe4855) Importer(815301076,1909f56bfc062723c751e8b465ee728b)
Start importing Assets/prefabs/Tank War Prefab/map/Enemy_slow.prefab using Guid(ce80f06e0a0b2cf4f9719f4b8ebe4855) Importer(815301076,1909f56bfc062723c751e8b465ee728b)  -> (artifact id: 'a2087a292c21bdfdc087e6ef89fe4874') in 0.023509 seconds 
========================================================================
Received Import Request.
  Time since last request: 0.000042 seconds.
  path: Assets/prefabs/Tank War Prefab/map/Player.prefab
  artifactKey: Guid(03fd65be88069d740a0ada69b177a74b) Importer(815301076,1909f56bfc062723c751e8b465ee728b)
Start importing Assets/prefabs/Tank War Prefab/map/Player.prefab using Guid(03fd65be88069d740a0ada69b177a74b) Importer(815301076,1909f56bfc062723c751e8b465ee728b)  -> (artifact id: '9517bafd456377ad77747d3d20738299') in 0.025275 seconds 
========================================================================
Received Import Request.
  Time since last request: 2.779308 seconds.
  path: Assets/prefabs/Tank War Prefab/map/bullet_enemy.prefab
  artifactKey: Guid(67df831e5418cda42b8e5e5c4e3c3d9e) Importer(815301076,1909f56bfc062723c751e8b465ee728b)
Start importing Assets/prefabs/Tank War Prefab/map/bullet_enemy.prefab using Guid(67df831e5418cda42b8e5e5c4e3c3d9e) Importer(815301076,1909f56bfc062723c751e8b465ee728b)  -> (artifact id: 'c9572061bc5e44ccd19f9b80eabc3238') in 0.124585 seconds 
========================================================================
Received Import Request.
  Time since last request: 0.000028 seconds.
  path: Assets/prefabs/Tank War Prefab/map/Enemy_big_slow.prefab
  artifactKey: Guid(6789d8df498cf11458e71ec345a67cc9) Importer(815301076,1909f56bfc062723c751e8b465ee728b)
Start importing Assets/prefabs/Tank War Prefab/map/Enemy_big_slow.prefab using Guid(6789d8df498cf11458e71ec345a67cc9) Importer(815301076,1909f56bfc062723c751e8b465ee728b)  -> (artifact id: 'ebf3a4830dbe65be86661b5f31f0886a') in 0.027179 seconds 
========================================================================
Received Import Request.
  Time since last request: 0.000027 seconds.
  path: Assets/prefabs/Tank War Prefab/map/Enemy_fast.prefab
  artifactKey: Guid(2361ea7c442afde4b9061f27f2e9be8d) Importer(815301076,1909f56bfc062723c751e8b465ee728b)
Start importing Assets/prefabs/Tank War Prefab/map/Enemy_fast.prefab using Guid(2361ea7c442afde4b9061f27f2e9be8d) Importer(815301076,1909f56bfc062723c751e8b465ee728b)  -> (artifact id: 'c31764a764484b45b38dffd3dd104d83') in 0.029475 seconds 
========================================================================
Received Import Request.
  Time since last request: 11.069391 seconds.
  path: Assets/prefabs/Tank War Prefab/map/bullet_enemy.prefab
  artifactKey: Guid(67df831e5418cda42b8e5e5c4e3c3d9e) Importer(815301076,1909f56bfc062723c751e8b465ee728b)
Start importing Assets/prefabs/Tank War Prefab/map/bullet_enemy.prefab using Guid(67df831e5418cda42b8e5e5c4e3c3d9e) Importer(815301076,1909f56bfc062723c751e8b465ee728b)  -> (artifact id: '9ae477d832d843a2db068b07dc1bff36') in 0.028780 seconds 
========================================================================
Received Import Request.
  Time since last request: 0.000019 seconds.
  path: Assets/prefabs/Tank War Prefab/map/Enemy_big_slow.prefab
  artifactKey: Guid(6789d8df498cf11458e71ec345a67cc9) Importer(815301076,1909f56bfc062723c751e8b465ee728b)
Start importing Assets/prefabs/Tank War Prefab/map/Enemy_big_slow.prefab using Guid(6789d8df498cf11458e71ec345a67cc9) Importer(815301076,1909f56bfc062723c751e8b465ee728b)  -> (artifact id: '6c55cd80b0f10801433c4f142bd8c38a') in 0.023177 seconds 
========================================================================
Received Import Request.
  Time since last request: 0.000039 seconds.
  path: Assets/prefabs/Tank War Prefab/map/Enemy_fast.prefab
  artifactKey: Guid(2361ea7c442afde4b9061f27f2e9be8d) Importer(815301076,1909f56bfc062723c751e8b465ee728b)
Start importing Assets/prefabs/Tank War Prefab/map/Enemy_fast.prefab using Guid(2361ea7c442afde4b9061f27f2e9be8d) Importer(815301076,1909f56bfc062723c751e8b465ee728b)  -> (artifact id: '46bfe2eb1a6365af389da42aabb58ef0') in 0.029084 seconds 
========================================================================
Received Import Request.
  Time since last request: 2.203323 seconds.
  path: Assets/prefabs/Tank War Prefab/map/bullet_enemy.prefab
  artifactKey: Guid(67df831e5418cda42b8e5e5c4e3c3d9e) Importer(815301076,1909f56bfc062723c751e8b465ee728b)
Start importing Assets/prefabs/Tank War Prefab/map/bullet_enemy.prefab using Guid(67df831e5418cda42b8e5e5c4e3c3d9e) Importer(815301076,1909f56bfc062723c751e8b465ee728b)  -> (artifact id: '1afd1cbb85e6c35aebb15df806bfd60d') in 0.026662 seconds 
========================================================================
Received Import Request.
  Time since last request: 0.000024 seconds.
  path: Assets/prefabs/Tank War Prefab/map/Enemy_big_slow.prefab
  artifactKey: Guid(6789d8df498cf11458e71ec345a67cc9) Importer(815301076,1909f56bfc062723c751e8b465ee728b)
Start importing Assets/prefabs/Tank War Prefab/map/Enemy_big_slow.prefab using Guid(6789d8df498cf11458e71ec345a67cc9) Importer(815301076,1909f56bfc062723c751e8b465ee728b)  -> (artifact id: '09ed44bc15cc9fb1e79b52524e82bc5c') in 0.025119 seconds 
========================================================================
Received Import Request.
  Time since last request: 0.000031 seconds.
  path: Assets/prefabs/Tank War Prefab/map/Enemy_fast.prefab
  artifactKey: Guid(2361ea7c442afde4b9061f27f2e9be8d) Importer(815301076,1909f56bfc062723c751e8b465ee728b)
Start importing Assets/prefabs/Tank War Prefab/map/Enemy_fast.prefab using Guid(2361ea7c442afde4b9061f27f2e9be8d) Importer(815301076,1909f56bfc062723c751e8b465ee728b)  -> (artifact id: '926d5af5543c31d917c15c0906cf065c') in 0.029268 seconds 
========================================================================
Received Import Request.
  Time since last request: 9.256514 seconds.
  path: Assets/prefabs/Tank War Prefab/map/bullet_enemy.prefab
  artifactKey: Guid(67df831e5418cda42b8e5e5c4e3c3d9e) Importer(815301076,1909f56bfc062723c751e8b465ee728b)
Start importing Assets/prefabs/Tank War Prefab/map/bullet_enemy.prefab using Guid(67df831e5418cda42b8e5e5c4e3c3d9e) Importer(815301076,1909f56bfc062723c751e8b465ee728b)  -> (artifact id: 'a8943ee932abcfc76695ac7fbcfb1882') in 0.036859 seconds 
========================================================================
Received Import Request.
  Time since last request: 0.000036 seconds.
  path: Assets/prefabs/Tank War Prefab/map/Enemy_big_slow.prefab
  artifactKey: Guid(6789d8df498cf11458e71ec345a67cc9) Importer(815301076,1909f56bfc062723c751e8b465ee728b)
Start importing Assets/prefabs/Tank War Prefab/map/Enemy_big_slow.prefab using Guid(6789d8df498cf11458e71ec345a67cc9) Importer(815301076,1909f56bfc062723c751e8b465ee728b)  -> (artifact id: 'bcfc1ed7cfacb609c3f5a22b0b559e30') in 0.026686 seconds 
========================================================================
Received Import Request.
  Time since last request: 0.000028 seconds.
  path: Assets/prefabs/Tank War Prefab/map/Enemy_fast.prefab
  artifactKey: Guid(2361ea7c442afde4b9061f27f2e9be8d) Importer(815301076,1909f56bfc062723c751e8b465ee728b)
Start importing Assets/prefabs/Tank War Prefab/map/Enemy_fast.prefab using Guid(2361ea7c442afde4b9061f27f2e9be8d) Importer(815301076,1909f56bfc062723c751e8b465ee728b)  -> (artifact id: '06af88a2cd96532b7a165c88b0811ae0') in 0.026202 seconds 
========================================================================
Received Import Request.
  Time since last request: 3.547455 seconds.
  path: Assets/prefabs/Tank War Prefab/map/bullet_enemy.prefab
  artifactKey: Guid(67df831e5418cda42b8e5e5c4e3c3d9e) Importer(815301076,1909f56bfc062723c751e8b465ee728b)
Start importing Assets/prefabs/Tank War Prefab/map/bullet_enemy.prefab using Guid(67df831e5418cda42b8e5e5c4e3c3d9e) Importer(815301076,1909f56bfc062723c751e8b465ee728b)  -> (artifact id: 'c46687d1914aa48d89c073a349494edb') in 0.029112 seconds 
========================================================================
Received Import Request.
  Time since last request: 0.000021 seconds.
  path: Assets/prefabs/Tank War Prefab/map/Enemy_big_slow.prefab
  artifactKey: Guid(6789d8df498cf11458e71ec345a67cc9) Importer(815301076,1909f56bfc062723c751e8b465ee728b)
Start importing Assets/prefabs/Tank War Prefab/map/Enemy_big_slow.prefab using Guid(6789d8df498cf11458e71ec345a67cc9) Importer(815301076,1909f56bfc062723c751e8b465ee728b)  -> (artifact id: '19ae8593b16c5f2663adf7fdde2ca40b') in 0.025336 seconds 
========================================================================
Received Import Request.
  Time since last request: 0.000032 seconds.
  path: Assets/prefabs/Tank War Prefab/map/Enemy_fast.prefab
  artifactKey: Guid(2361ea7c442afde4b9061f27f2e9be8d) Importer(815301076,1909f56bfc062723c751e8b465ee728b)
Start importing Assets/prefabs/Tank War Prefab/map/Enemy_fast.prefab using Guid(2361ea7c442afde4b9061f27f2e9be8d) Importer(815301076,1909f56bfc062723c751e8b465ee728b)  -> (artifact id: '6b95da3ffffe539f4e39cdb1d210a3ed') in 0.028479 seconds 
========================================================================
Received Import Request.
  Time since last request: 10.014788 seconds.
  path: Assets/prefabs/Tank War Prefab/map/bullet_enemy.prefab
  artifactKey: Guid(67df831e5418cda42b8e5e5c4e3c3d9e) Importer(815301076,1909f56bfc062723c751e8b465ee728b)
Start importing Assets/prefabs/Tank War Prefab/map/bullet_enemy.prefab using Guid(67df831e5418cda42b8e5e5c4e3c3d9e) Importer(815301076,1909f56bfc062723c751e8b465ee728b)  -> (artifact id: '16de71cd2fa6c5d890eae614aab696b5') in 0.029052 seconds 
========================================================================
Received Import Request.
  Time since last request: 0.000032 seconds.
  path: Assets/prefabs/Tank War Prefab/map/Enemy_big_slow.prefab
  artifactKey: Guid(6789d8df498cf11458e71ec345a67cc9) Importer(815301076,1909f56bfc062723c751e8b465ee728b)
Start importing Assets/prefabs/Tank War Prefab/map/Enemy_big_slow.prefab using Guid(6789d8df498cf11458e71ec345a67cc9) Importer(815301076,1909f56bfc062723c751e8b465ee728b)  -> (artifact id: '6872c85048b942c7c4a03238fdceb597') in 0.024266 seconds 
========================================================================
Received Import Request.
  Time since last request: 0.000054 seconds.
  path: Assets/prefabs/Tank War Prefab/map/Enemy_fast.prefab
  artifactKey: Guid(2361ea7c442afde4b9061f27f2e9be8d) Importer(815301076,1909f56bfc062723c751e8b465ee728b)
Start importing Assets/prefabs/Tank War Prefab/map/Enemy_fast.prefab using Guid(2361ea7c442afde4b9061f27f2e9be8d) Importer(815301076,1909f56bfc062723c751e8b465ee728b)  -> (artifact id: 'caf400cf66b6c76a782f9db191ef1723') in 0.027748 seconds 
========================================================================
Received Import Request.
  Time since last request: 6.958551 seconds.
  path: Assets/prefabs/Tank War Prefab/map/bullet_enemy.prefab
  artifactKey: Guid(67df831e5418cda42b8e5e5c4e3c3d9e) Importer(815301076,1909f56bfc062723c751e8b465ee728b)
Start importing Assets/prefabs/Tank War Prefab/map/bullet_enemy.prefab using Guid(67df831e5418cda42b8e5e5c4e3c3d9e) Importer(815301076,1909f56bfc062723c751e8b465ee728b)  -> (artifact id: '585fee90b8160956946b4abf2530a108') in 0.028015 seconds 
========================================================================
Received Import Request.
  Time since last request: 0.000035 seconds.
  path: Assets/prefabs/Tank War Prefab/map/Enemy_big_slow.prefab
  artifactKey: Guid(6789d8df498cf11458e71ec345a67cc9) Importer(815301076,1909f56bfc062723c751e8b465ee728b)
Start importing Assets/prefabs/Tank War Prefab/map/Enemy_big_slow.prefab using Guid(6789d8df498cf11458e71ec345a67cc9) Importer(815301076,1909f56bfc062723c751e8b465ee728b)  -> (artifact id: '8919fdb0fef463980692973ae6d474d0') in 0.026792 seconds 
========================================================================
Received Import Request.
  Time since last request: 0.000031 seconds.
  path: Assets/prefabs/Tank War Prefab/map/Enemy_fast.prefab
  artifactKey: Guid(2361ea7c442afde4b9061f27f2e9be8d) Importer(815301076,1909f56bfc062723c751e8b465ee728b)
Start importing Assets/prefabs/Tank War Prefab/map/Enemy_fast.prefab using Guid(2361ea7c442afde4b9061f27f2e9be8d) Importer(815301076,1909f56bfc062723c751e8b465ee728b)  -> (artifact id: '15c17122f43889c90ef59d05c22b4704') in 0.026687 seconds 
========================================================================
Received Import Request.
  Time since last request: 5.650213 seconds.
  path: Assets/prefabs/Tank War Prefab/map/bullet_enemy.prefab
  artifactKey: Guid(67df831e5418cda42b8e5e5c4e3c3d9e) Importer(815301076,1909f56bfc062723c751e8b465ee728b)
Start importing Assets/prefabs/Tank War Prefab/map/bullet_enemy.prefab using Guid(67df831e5418cda42b8e5e5c4e3c3d9e) Importer(815301076,1909f56bfc062723c751e8b465ee728b)  -> (artifact id: '0b22d28891f65f36c73a11db0f8a9ec9') in 0.166178 seconds 
========================================================================
Received Import Request.
  Time since last request: 0.000028 seconds.
  path: Assets/prefabs/Tank War Prefab/map/Enemy_big_slow.prefab
  artifactKey: Guid(6789d8df498cf11458e71ec345a67cc9) Importer(815301076,1909f56bfc062723c751e8b465ee728b)
Start importing Assets/prefabs/Tank War Prefab/map/Enemy_big_slow.prefab using Guid(6789d8df498cf11458e71ec345a67cc9) Importer(815301076,1909f56bfc062723c751e8b465ee728b)  -> (artifact id: 'bfa49726891beb4cd097dbda33ca9ff5') in 0.026892 seconds 
========================================================================
Received Import Request.
  Time since last request: 0.000029 seconds.
  path: Assets/prefabs/Tank War Prefab/map/Enemy_fast.prefab
  artifactKey: Guid(2361ea7c442afde4b9061f27f2e9be8d) Importer(815301076,1909f56bfc062723c751e8b465ee728b)
Start importing Assets/prefabs/Tank War Prefab/map/Enemy_fast.prefab using Guid(2361ea7c442afde4b9061f27f2e9be8d) Importer(815301076,1909f56bfc062723c751e8b465ee728b)  -> (artifact id: '202eeaf824ed16e9f5521803c9c9fca9') in 0.029667 seconds 
Editor requested this worker to shutdown with reason: Scaling down because of idle timeout
AssetImportWorker is now disconnected from the server
Process exiting
Exiting without the bug reporter. Application will terminate with return code 0