Using pre-set license
Built from '2021.2/china_unity/release' branch; Version is '2021.2.3f1c1 (7216c3a06de6) revision 7476931'; Using compiler version '192829333'; Build Type 'Release'
OS: 'Windows 10 Enterprise; OS build 18363.418; Version 1909; 64bit' Language: 'zh' Physical Memory: 8035 MB
BatchMode: 1, IsHumanControllingUs: 0, StartBugReporterOnCrash: 0, Is64bit: 1, IsPro: 0

COMMAND LINE ARGUMENTS:
E:\Unity\Unity 2021.2.3f1c1\Editor\Unity.exe
-adb2
-batchMode
-noUpm
-name
AssetImportWorker4
-projectPath
E:/Unity/Project/tank
-logFile
Logs/AssetImportWorker4.log
-srvPort
57658
Successfully changed project path to: E:/Unity/Project/tank
E:/Unity/Project/tank
[UnityMemory] Configuration Parameters - Can be set up in boot.config
    "memorysetup-bucket-allocator-granularity=16"
    "memorysetup-bucket-allocator-bucket-count=8"
    "memorysetup-bucket-allocator-block-size=33554432"
    "memorysetup-bucket-allocator-block-count=8"
    "memorysetup-main-allocator-block-size=16777216"
    "memorysetup-thread-allocator-block-size=16777216"
    "memorysetup-gfx-main-allocator-block-size=16777216"
    "memorysetup-gfx-thread-allocator-block-size=16777216"
    "memorysetup-cache-allocator-block-size=4194304"
    "memorysetup-typetree-allocator-block-size=2097152"
    "memorysetup-profiler-bucket-allocator-granularity=16"
    "memorysetup-profiler-bucket-allocator-bucket-count=8"
    "memorysetup-profiler-bucket-allocator-block-size=33554432"
    "memorysetup-profiler-bucket-allocator-block-count=8"
    "memorysetup-profiler-allocator-block-size=16777216"
    "memorysetup-profiler-editor-allocator-block-size=1048576"
    "memorysetup-temp-allocator-size-main=16777216"
    "memorysetup-job-temp-allocator-block-size=2097152"
    "memorysetup-job-temp-allocator-block-size-background=1048576"
    "memorysetup-job-temp-allocator-reduction-small-platforms=262144"
    "memorysetup-temp-allocator-size-background-worker=32768"
    "memorysetup-temp-allocator-size-job-worker=262144"
    "memorysetup-temp-allocator-size-preload-manager=33554432"
    "memorysetup-temp-allocator-size-nav-mesh-worker=65536"
    "memorysetup-temp-allocator-size-audio-worker=65536"
    "memorysetup-temp-allocator-size-cloud-worker=32768"
    "memorysetup-temp-allocator-size-gi-baking-worker=262144"
    "memorysetup-temp-allocator-size-gfx=262144"
AS: AutoStreaming module initializing.
Refreshing native plugins compatible for Editor in 104.95 ms, found 4 plugins.
Preloading 0 native plugins for Editor in 0.00 ms.
Initialize engine version: 2021.2.3f1c1 (7216c3a06de6)
[Subsystems] Discovering subsystems at path E:/Unity/Unity 2021.2.3f1c1/Editor/Data/Resources/UnitySubsystems
[Subsystems] Discovering subsystems at path E:/Unity/Project/tank/Assets
GfxDevice: creating device client; threaded=0; jobified=0
Direct3D:
    Version:  Direct3D 11.0 [level 11.1]
    Renderer: NVIDIA GeForce GTX 1060 (ID=0x1c20)
    Vendor:   NVIDIA
    VRAM:     6052 MB
    Driver:   30.0.14.7212
Initialize mono
Mono path[0] = 'E:/Unity/Unity 2021.2.3f1c1/Editor/Data/Managed'
Mono path[1] = 'E:/Unity/Unity 2021.2.3f1c1/Editor/Data/MonoBleedingEdge/lib/mono/unityjit-win32'
Mono config path = 'E:/Unity/Unity 2021.2.3f1c1/Editor/Data/MonoBleedingEdge/etc'
Using monoOptions --debugger-agent=transport=dt_socket,embedding=1,server=y,suspend=n,address=127.0.0.1:56752
Begin MonoManager ReloadAssembly
Registering precompiled unity dll's ...
Register platform support module: E:/Unity/Unity 2021.2.3f1c1/Editor/Data/PlaybackEngines/WindowsStandaloneSupport/UnityEditor.WindowsStandalone.Extensions.dll
Registered in 0.003238 seconds.
Native extension for WindowsStandalone target not found
Refreshing native plugins compatible for Editor in 95.77 ms, found 4 plugins.
Preloading 0 native plugins for Editor in 0.00 ms.
Mono: successfully reloaded assembly
- Completed reload, in  0.667 seconds
Domain Reload Profiling:
	ReloadAssembly (667ms)
		BeginReloadAssembly (100ms)
			ExecutionOrderSort (0ms)
			DisableScriptedObjects (0ms)
			BackupInstance (0ms)
			ReleaseScriptingObjects (0ms)
			CreateAndSetChildDomain (1ms)
		EndReloadAssembly (479ms)
			LoadAssemblies (94ms)
			RebuildTransferFunctionScriptingTraits (0ms)
			SetupTypeCache (102ms)
			ReleaseScriptCaches (0ms)
			RebuildScriptCaches (30ms)
			SetupLoadedEditorAssemblies (288ms)
				LogAssemblyErrors (0ms)
				InitializePlatformSupportModulesInManaged (14ms)
				SetLoadedEditorAssemblies (0ms)
				RefreshPlugins (96ms)
				BeforeProcessingInitializeOnLoad (1ms)
				ProcessInitializeOnLoadAttributes (123ms)
				ProcessInitializeOnLoadMethodAttributes (53ms)
				AfterProcessingInitializeOnLoad (0ms)
				EditorAssembliesLoaded (0ms)
			ExecutionOrderSort2 (0ms)
			AwakeInstancesAfterBackupRestoration (0ms)
Platform modules already initialized, skipping
Registering precompiled user dll's ...
Registered in 0.018229 seconds.
Begin MonoManager ReloadAssembly
Symbol file LoadedFromMemory doesn't match image E:\Unity\Project\tank\Library\PackageCache\com.unity.visualscripting@1.7.5\Editor\VisualScripting.Core\Dependencies\YamlDotNet\Unity.VisualScripting.YamlDotNet.dll
Symbol file LoadedFromMemory doesn't match image E:\Unity\Project\tank\Library\PackageCache\com.unity.visualscripting@1.7.5\Editor\VisualScripting.Core\Dependencies\DotNetZip\Unity.VisualScripting.IonicZip.dll
Native extension for WindowsStandalone target not found
Refreshing native plugins compatible for Editor in 103.16 ms, found 4 plugins.
Preloading 0 native plugins for Editor in 0.00 ms.
Mono: successfully reloaded assembly
- Completed reload, in  2.172 seconds
Domain Reload Profiling:
	ReloadAssembly (2173ms)
		BeginReloadAssembly (196ms)
			ExecutionOrderSort (0ms)
			DisableScriptedObjects (6ms)
			BackupInstance (0ms)
			ReleaseScriptingObjects (0ms)
			CreateAndSetChildDomain (19ms)
		EndReloadAssembly (1864ms)
			LoadAssemblies (111ms)
			RebuildTransferFunctionScriptingTraits (0ms)
			SetupTypeCache (266ms)
			ReleaseScriptCaches (1ms)
			RebuildScriptCaches (92ms)
			SetupLoadedEditorAssemblies (1244ms)
				LogAssemblyErrors (0ms)
				InitializePlatformSupportModulesInManaged (12ms)
				SetLoadedEditorAssemblies (0ms)
				RefreshPlugins (103ms)
				BeforeProcessingInitializeOnLoad (101ms)
				ProcessInitializeOnLoadAttributes (979ms)
				ProcessInitializeOnLoadMethodAttributes (34ms)
				AfterProcessingInitializeOnLoad (15ms)
				EditorAssembliesLoaded (0ms)
			ExecutionOrderSort2 (0ms)
			AwakeInstancesAfterBackupRestoration (7ms)
Platform modules already initialized, skipping
========================================================================
Worker process is ready to serve import requests
Launched and connected shader compiler UnityShaderCompiler.exe after 0.28 seconds
Refreshing native plugins compatible for Editor in 0.67 ms, found 4 plugins.
Preloading 0 native plugins for Editor in 0.00 ms.
Unloading 3921 Unused Serialized files (Serialized files now loaded: 0)
Unloading 37 unused Assets / (56.1 KB). Loaded Objects now: 4380.
Memory consumption went from 152.0 MB to 151.9 MB.
Total: 4.964300 ms (FindLiveObjects: 0.489700 ms CreateObjectMapping: 0.279500 ms MarkObjects: 4.107600 ms  DeleteObjects: 0.085700 ms)

AssetImportParameters requested are different than current active one (requested -> active):
  custom:video-decoder-ogg-theora: a1e56fd34408186e4bbccfd4996cb3dc -> 
  custom:container-muxer-webm: aa71ff27fc2769a1b78a27578f13a17b -> 
  custom:container-demuxer-webm: 4f35f7cbe854078d1ac9338744f61a02 -> 
  custom:video-encoder-webm-vp8: eb34c28f22e8b96e1ab97ce403110664 -> 
  custom:audio-encoder-webm-vorbis: bf7c407c2cedff20999df2af8eb42d56 -> 
  custom:framework-win-MediaFoundation: 216162199b28c13a410421893ffa2e32 -> 
  custom:container-demuxer-ogg: 62fdf1f143b41e24485cea50d1cbac27 -> 
  custom:video-decoder-webm-vp8: 9c59270c3fd7afecdb556c50c9e8de78 -> 
  custom:audio-decoder-ogg-vorbis: bf7c407c2cedff20999df2af8eb42d56 -> 
========================================================================
Received Prepare
Registering precompiled user dll's ...
Registered in 0.017368 seconds.
Begin MonoManager ReloadAssembly
Symbol file LoadedFromMemory doesn't match image E:\Unity\Project\tank\Library\PackageCache\com.unity.visualscripting@1.7.5\Editor\VisualScripting.Core\Dependencies\YamlDotNet\Unity.VisualScripting.YamlDotNet.dll
Symbol file LoadedFromMemory doesn't match image E:\Unity\Project\tank\Library\PackageCache\com.unity.visualscripting@1.7.5\Editor\VisualScripting.Core\Dependencies\DotNetZip\Unity.VisualScripting.IonicZip.dll
Native extension for WindowsStandalone target not found
Refreshing native plugins compatible for Editor in 2.38 ms, found 4 plugins.
Preloading 0 native plugins for Editor in 0.00 ms.
Mono: successfully reloaded assembly
- Completed reload, in  2.136 seconds
Domain Reload Profiling:
	ReloadAssembly (2137ms)
		BeginReloadAssembly (321ms)
			ExecutionOrderSort (0ms)
			DisableScriptedObjects (10ms)
			BackupInstance (0ms)
			ReleaseScriptingObjects (0ms)
			CreateAndSetChildDomain (114ms)
		EndReloadAssembly (1633ms)
			LoadAssemblies (221ms)
			RebuildTransferFunctionScriptingTraits (0ms)
			SetupTypeCache (426ms)
			ReleaseScriptCaches (4ms)
			RebuildScriptCaches (93ms)
			SetupLoadedEditorAssemblies (758ms)
				LogAssemblyErrors (0ms)
				InitializePlatformSupportModulesInManaged (19ms)
				SetLoadedEditorAssemblies (1ms)
				RefreshPlugins (2ms)
				BeforeProcessingInitializeOnLoad (128ms)
				ProcessInitializeOnLoadAttributes (532ms)
				ProcessInitializeOnLoadMethodAttributes (56ms)
				AfterProcessingInitializeOnLoad (19ms)
				EditorAssembliesLoaded (0ms)
			ExecutionOrderSort2 (0ms)
			AwakeInstancesAfterBackupRestoration (18ms)
Platform modules already initialized, skipping
Refreshing native plugins compatible for Editor in 1.54 ms, found 4 plugins.
Preloading 0 native plugins for Editor in 0.00 ms.
Unloading 3897 Unused Serialized files (Serialized files now loaded: 0)
Unloading 26 unused Assets / (24.6 KB). Loaded Objects now: 4382.
Memory consumption went from 149.9 MB to 149.9 MB.
Total: 7.669100 ms (FindLiveObjects: 0.649500 ms CreateObjectMapping: 0.725900 ms MarkObjects: 6.240700 ms  DeleteObjects: 0.049400 ms)

AssetImportParameters requested are different than current active one (requested -> active):
  custom:video-decoder-ogg-theora: a1e56fd34408186e4bbccfd4996cb3dc -> 
  custom:container-muxer-webm: aa71ff27fc2769a1b78a27578f13a17b -> 
  custom:container-demuxer-webm: 4f35f7cbe854078d1ac9338744f61a02 -> 
  custom:video-encoder-webm-vp8: eb34c28f22e8b96e1ab97ce403110664 -> 
  custom:audio-encoder-webm-vorbis: bf7c407c2cedff20999df2af8eb42d56 -> 
  custom:framework-win-MediaFoundation: 216162199b28c13a410421893ffa2e32 -> 
  custom:container-demuxer-ogg: 62fdf1f143b41e24485cea50d1cbac27 -> 
  custom:video-decoder-webm-vp8: 9c59270c3fd7afecdb556c50c9e8de78 -> 
  custom:audio-decoder-ogg-vorbis: bf7c407c2cedff20999df2af8eb42d56 -> 
========================================================================
Received Prepare
Registering precompiled user dll's ...
Registered in 0.017659 seconds.
Begin MonoManager ReloadAssembly
Symbol file LoadedFromMemory doesn't match image E:\Unity\Project\tank\Library\PackageCache\com.unity.visualscripting@1.7.5\Editor\VisualScripting.Core\Dependencies\YamlDotNet\Unity.VisualScripting.YamlDotNet.dll
Symbol file LoadedFromMemory doesn't match image E:\Unity\Project\tank\Library\PackageCache\com.unity.visualscripting@1.7.5\Editor\VisualScripting.Core\Dependencies\DotNetZip\Unity.VisualScripting.IonicZip.dll
Native extension for WindowsStandalone target not found
Refreshing native plugins compatible for Editor in 1.19 ms, found 4 plugins.
Preloading 0 native plugins for Editor in 0.00 ms.
Mono: successfully reloaded assembly
- Completed reload, in  1.945 seconds
Domain Reload Profiling:
	ReloadAssembly (1946ms)
		BeginReloadAssembly (256ms)
			ExecutionOrderSort (0ms)
			DisableScriptedObjects (11ms)
			BackupInstance (0ms)
			ReleaseScriptingObjects (0ms)
			CreateAndSetChildDomain (72ms)
		EndReloadAssembly (1513ms)
			LoadAssemblies (206ms)
			RebuildTransferFunctionScriptingTraits (0ms)
			SetupTypeCache (388ms)
			ReleaseScriptCaches (3ms)
			RebuildScriptCaches (91ms)
			SetupLoadedEditorAssemblies (692ms)
				LogAssemblyErrors (0ms)
				InitializePlatformSupportModulesInManaged (17ms)
				SetLoadedEditorAssemblies (1ms)
				RefreshPlugins (1ms)
				BeforeProcessingInitializeOnLoad (112ms)
				ProcessInitializeOnLoadAttributes (486ms)
				ProcessInitializeOnLoadMethodAttributes (57ms)
				AfterProcessingInitializeOnLoad (18ms)
				EditorAssembliesLoaded (0ms)
			ExecutionOrderSort2 (0ms)
			AwakeInstancesAfterBackupRestoration (20ms)
Platform modules already initialized, skipping
Refreshing native plugins compatible for Editor in 1.16 ms, found 4 plugins.
Preloading 0 native plugins for Editor in 0.00 ms.
Unloading 3897 Unused Serialized files (Serialized files now loaded: 0)
Unloading 26 unused Assets / (24.6 KB). Loaded Objects now: 4384.
Memory consumption went from 149.9 MB to 149.9 MB.
Total: 7.279600 ms (FindLiveObjects: 0.489100 ms CreateObjectMapping: 1.266700 ms MarkObjects: 5.434500 ms  DeleteObjects: 0.086900 ms)

AssetImportParameters requested are different than current active one (requested -> active):
  custom:video-decoder-ogg-theora: a1e56fd34408186e4bbccfd4996cb3dc -> 
  custom:container-muxer-webm: aa71ff27fc2769a1b78a27578f13a17b -> 
  custom:container-demuxer-webm: 4f35f7cbe854078d1ac9338744f61a02 -> 
  custom:video-encoder-webm-vp8: eb34c28f22e8b96e1ab97ce403110664 -> 
  custom:audio-encoder-webm-vorbis: bf7c407c2cedff20999df2af8eb42d56 -> 
  custom:framework-win-MediaFoundation: 216162199b28c13a410421893ffa2e32 -> 
  custom:container-demuxer-ogg: 62fdf1f143b41e24485cea50d1cbac27 -> 
  custom:video-decoder-webm-vp8: 9c59270c3fd7afecdb556c50c9e8de78 -> 
  custom:audio-decoder-ogg-vorbis: bf7c407c2cedff20999df2af8eb42d56 -> 
========================================================================
Received Import Request.
  Time since last request: 163226.815138 seconds.
  path: Assets/Scripts/Tank War Scripts/GameControl.cs
  artifactKey: Guid(5fadc24d3872ca248b9110df5e0c0297) Importer(815301076,1909f56bfc062723c751e8b465ee728b)
Start importing Assets/Scripts/Tank War Scripts/GameControl.cs using Guid(5fadc24d3872ca248b9110df5e0c0297) Importer(815301076,1909f56bfc062723c751e8b465ee728b)  -> (artifact id: '22dd85cf924329a27223ab99b03190fc') in 0.070465 seconds 
========================================================================
Received Prepare
Registering precompiled user dll's ...
Registered in 0.019794 seconds.
Begin MonoManager ReloadAssembly
Symbol file LoadedFromMemory doesn't match image E:\Unity\Project\tank\Library\PackageCache\com.unity.visualscripting@1.7.5\Editor\VisualScripting.Core\Dependencies\YamlDotNet\Unity.VisualScripting.YamlDotNet.dll
Symbol file LoadedFromMemory doesn't match image E:\Unity\Project\tank\Library\PackageCache\com.unity.visualscripting@1.7.5\Editor\VisualScripting.Core\Dependencies\DotNetZip\Unity.VisualScripting.IonicZip.dll
Native extension for WindowsStandalone target not found
Refreshing native plugins compatible for Editor in 0.68 ms, found 4 plugins.
Preloading 0 native plugins for Editor in 0.00 ms.
Mono: successfully reloaded assembly
- Completed reload, in  1.201 seconds
Domain Reload Profiling:
	ReloadAssembly (1202ms)
		BeginReloadAssembly (159ms)
			ExecutionOrderSort (0ms)
			DisableScriptedObjects (7ms)
			BackupInstance (0ms)
			ReleaseScriptingObjects (0ms)
			CreateAndSetChildDomain (39ms)
		EndReloadAssembly (926ms)
			LoadAssemblies (116ms)
			RebuildTransferFunctionScriptingTraits (0ms)
			SetupTypeCache (235ms)
			ReleaseScriptCaches (1ms)
			RebuildScriptCaches (42ms)
			SetupLoadedEditorAssemblies (433ms)
				LogAssemblyErrors (0ms)
				InitializePlatformSupportModulesInManaged (11ms)
				SetLoadedEditorAssemblies (0ms)
				RefreshPlugins (1ms)
				BeforeProcessingInitializeOnLoad (75ms)
				ProcessInitializeOnLoadAttributes (299ms)
				ProcessInitializeOnLoadMethodAttributes (32ms)
				AfterProcessingInitializeOnLoad (14ms)
				EditorAssembliesLoaded (0ms)
			ExecutionOrderSort2 (0ms)
			AwakeInstancesAfterBackupRestoration (11ms)
Platform modules already initialized, skipping
Refreshing native plugins compatible for Editor in 0.70 ms, found 4 plugins.
Preloading 0 native plugins for Editor in 0.00 ms.
Unloading 3897 Unused Serialized files (Serialized files now loaded: 0)
Unloading 26 unused Assets / (24.6 KB). Loaded Objects now: 4386.
Memory consumption went from 150.0 MB to 149.9 MB.
Total: 4.060900 ms (FindLiveObjects: 0.364700 ms CreateObjectMapping: 0.238500 ms MarkObjects: 3.426500 ms  DeleteObjects: 0.029600 ms)

AssetImportParameters requested are different than current active one (requested -> active):
  custom:video-decoder-ogg-theora: a1e56fd34408186e4bbccfd4996cb3dc -> 
  custom:container-muxer-webm: aa71ff27fc2769a1b78a27578f13a17b -> 
  custom:container-demuxer-webm: 4f35f7cbe854078d1ac9338744f61a02 -> 
  custom:video-encoder-webm-vp8: eb34c28f22e8b96e1ab97ce403110664 -> 
  custom:audio-encoder-webm-vorbis: bf7c407c2cedff20999df2af8eb42d56 -> 
  custom:framework-win-MediaFoundation: 216162199b28c13a410421893ffa2e32 -> 
  custom:container-demuxer-ogg: 62fdf1f143b41e24485cea50d1cbac27 -> 
  custom:video-decoder-webm-vp8: 9c59270c3fd7afecdb556c50c9e8de78 -> 
  custom:audio-decoder-ogg-vorbis: bf7c407c2cedff20999df2af8eb42d56 -> 
========================================================================
Received Import Request.
  Time since last request: 71.349769 seconds.
  path: Assets/Scripts/Tank War Scripts/GameControl.cs
  artifactKey: Guid(5fadc24d3872ca248b9110df5e0c0297) Importer(815301076,1909f56bfc062723c751e8b465ee728b)
Start importing Assets/Scripts/Tank War Scripts/GameControl.cs using Guid(5fadc24d3872ca248b9110df5e0c0297) Importer(815301076,1909f56bfc062723c751e8b465ee728b)  -> (artifact id: 'b2975c37a62f8c6e7008178b06afa0d1') in 0.006716 seconds 
========================================================================
Received Prepare
Registering precompiled user dll's ...
Registered in 0.018855 seconds.
Begin MonoManager ReloadAssembly
Symbol file LoadedFromMemory doesn't match image E:\Unity\Project\tank\Library\PackageCache\com.unity.visualscripting@1.7.5\Editor\VisualScripting.Core\Dependencies\YamlDotNet\Unity.VisualScripting.YamlDotNet.dll
Symbol file LoadedFromMemory doesn't match image E:\Unity\Project\tank\Library\PackageCache\com.unity.visualscripting@1.7.5\Editor\VisualScripting.Core\Dependencies\DotNetZip\Unity.VisualScripting.IonicZip.dll
Native extension for WindowsStandalone target not found
Refreshing native plugins compatible for Editor in 0.80 ms, found 4 plugins.
Preloading 0 native plugins for Editor in 0.00 ms.
Mono: successfully reloaded assembly
- Completed reload, in  1.930 seconds
Domain Reload Profiling:
	ReloadAssembly (1931ms)
		BeginReloadAssembly (327ms)
			ExecutionOrderSort (0ms)
			DisableScriptedObjects (7ms)
			BackupInstance (0ms)
			ReleaseScriptingObjects (0ms)
			CreateAndSetChildDomain (46ms)
		EndReloadAssembly (1486ms)
			LoadAssemblies (309ms)
			RebuildTransferFunctionScriptingTraits (0ms)
			SetupTypeCache (238ms)
			ReleaseScriptCaches (1ms)
			RebuildScriptCaches (44ms)
			SetupLoadedEditorAssemblies (734ms)
				LogAssemblyErrors (0ms)
				InitializePlatformSupportModulesInManaged (138ms)
				SetLoadedEditorAssemblies (1ms)
				RefreshPlugins (1ms)
				BeforeProcessingInitializeOnLoad (174ms)
				ProcessInitializeOnLoadAttributes (359ms)
				ProcessInitializeOnLoadMethodAttributes (36ms)
				AfterProcessingInitializeOnLoad (25ms)
				EditorAssembliesLoaded (0ms)
			ExecutionOrderSort2 (0ms)
			AwakeInstancesAfterBackupRestoration (15ms)
Platform modules already initialized, skipping
Refreshing native plugins compatible for Editor in 1.67 ms, found 4 plugins.
Preloading 0 native plugins for Editor in 0.00 ms.
Unloading 3897 Unused Serialized files (Serialized files now loaded: 0)
Unloading 26 unused Assets / (24.6 KB). Loaded Objects now: 4388.
Memory consumption went from 150.0 MB to 149.9 MB.
Total: 7.909800 ms (FindLiveObjects: 0.700500 ms CreateObjectMapping: 0.460900 ms MarkObjects: 6.684600 ms  DeleteObjects: 0.060700 ms)

AssetImportParameters requested are different than current active one (requested -> active):
  custom:video-decoder-ogg-theora: a1e56fd34408186e4bbccfd4996cb3dc -> 
  custom:container-muxer-webm: aa71ff27fc2769a1b78a27578f13a17b -> 
  custom:container-demuxer-webm: 4f35f7cbe854078d1ac9338744f61a02 -> 
  custom:video-encoder-webm-vp8: eb34c28f22e8b96e1ab97ce403110664 -> 
  custom:audio-encoder-webm-vorbis: bf7c407c2cedff20999df2af8eb42d56 -> 
  custom:framework-win-MediaFoundation: 216162199b28c13a410421893ffa2e32 -> 
  custom:container-demuxer-ogg: 62fdf1f143b41e24485cea50d1cbac27 -> 
  custom:video-decoder-webm-vp8: 9c59270c3fd7afecdb556c50c9e8de78 -> 
  custom:audio-decoder-ogg-vorbis: bf7c407c2cedff20999df2af8eb42d56 -> 
========================================================================
Received Prepare
Registering precompiled user dll's ...
Registered in 0.025313 seconds.
Begin MonoManager ReloadAssembly
Symbol file LoadedFromMemory doesn't match image E:\Unity\Project\tank\Library\PackageCache\com.unity.visualscripting@1.7.5\Editor\VisualScripting.Core\Dependencies\YamlDotNet\Unity.VisualScripting.YamlDotNet.dll
Symbol file LoadedFromMemory doesn't match image E:\Unity\Project\tank\Library\PackageCache\com.unity.visualscripting@1.7.5\Editor\VisualScripting.Core\Dependencies\DotNetZip\Unity.VisualScripting.IonicZip.dll
Native extension for WindowsStandalone target not found
Refreshing native plugins compatible for Editor in 1.91 ms, found 4 plugins.
Preloading 0 native plugins for Editor in 0.00 ms.
Mono: successfully reloaded assembly
- Completed reload, in  1.782 seconds
Domain Reload Profiling:
	ReloadAssembly (1784ms)
		BeginReloadAssembly (258ms)
			ExecutionOrderSort (0ms)
			DisableScriptedObjects (11ms)
			BackupInstance (0ms)
			ReleaseScriptingObjects (0ms)
			CreateAndSetChildDomain (77ms)
		EndReloadAssembly (1361ms)
			LoadAssemblies (183ms)
			RebuildTransferFunctionScriptingTraits (0ms)
			SetupTypeCache (363ms)
			ReleaseScriptCaches (3ms)
			RebuildScriptCaches (77ms)
			SetupLoadedEditorAssemblies (560ms)
				LogAssemblyErrors (0ms)
				InitializePlatformSupportModulesInManaged (18ms)
				SetLoadedEditorAssemblies (1ms)
				RefreshPlugins (2ms)
				BeforeProcessingInitializeOnLoad (111ms)
				ProcessInitializeOnLoadAttributes (355ms)
				ProcessInitializeOnLoadMethodAttributes (52ms)
				AfterProcessingInitializeOnLoad (20ms)
				EditorAssembliesLoaded (0ms)
			ExecutionOrderSort2 (0ms)
			AwakeInstancesAfterBackupRestoration (17ms)
Platform modules already initialized, skipping
Refreshing native plugins compatible for Editor in 1.94 ms, found 4 plugins.
Preloading 0 native plugins for Editor in 0.00 ms.
Unloading 3897 Unused Serialized files (Serialized files now loaded: 0)
Unloading 26 unused Assets / (24.6 KB). Loaded Objects now: 4390.
Memory consumption went from 150.0 MB to 149.9 MB.
Total: 5.384000 ms (FindLiveObjects: 0.537800 ms CreateObjectMapping: 0.914400 ms MarkObjects: 3.883800 ms  DeleteObjects: 0.045900 ms)

AssetImportParameters requested are different than current active one (requested -> active):
  custom:video-decoder-ogg-theora: a1e56fd34408186e4bbccfd4996cb3dc -> 
  custom:container-muxer-webm: aa71ff27fc2769a1b78a27578f13a17b -> 
  custom:container-demuxer-webm: 4f35f7cbe854078d1ac9338744f61a02 -> 
  custom:video-encoder-webm-vp8: eb34c28f22e8b96e1ab97ce403110664 -> 
  custom:audio-encoder-webm-vorbis: bf7c407c2cedff20999df2af8eb42d56 -> 
  custom:framework-win-MediaFoundation: 216162199b28c13a410421893ffa2e32 -> 
  custom:container-demuxer-ogg: 62fdf1f143b41e24485cea50d1cbac27 -> 
  custom:video-decoder-webm-vp8: 9c59270c3fd7afecdb556c50c9e8de78 -> 
  custom:audio-decoder-ogg-vorbis: bf7c407c2cedff20999df2af8eb42d56 -> 
========================================================================
Received Prepare
Registering precompiled user dll's ...
Registered in 0.019555 seconds.
Begin MonoManager ReloadAssembly
Symbol file LoadedFromMemory doesn't match image E:\Unity\Project\tank\Library\PackageCache\com.unity.visualscripting@1.7.5\Editor\VisualScripting.Core\Dependencies\YamlDotNet\Unity.VisualScripting.YamlDotNet.dll
Symbol file LoadedFromMemory doesn't match image E:\Unity\Project\tank\Library\PackageCache\com.unity.visualscripting@1.7.5\Editor\VisualScripting.Core\Dependencies\DotNetZip\Unity.VisualScripting.IonicZip.dll
Native extension for WindowsStandalone target not found
Refreshing native plugins compatible for Editor in 1.07 ms, found 4 plugins.
Preloading 0 native plugins for Editor in 0.00 ms.
Mono: successfully reloaded assembly
- Completed reload, in  1.815 seconds
Domain Reload Profiling:
	ReloadAssembly (1816ms)
		BeginReloadAssembly (206ms)
			ExecutionOrderSort (0ms)
			DisableScriptedObjects (11ms)
			BackupInstance (0ms)
			ReleaseScriptingObjects (0ms)
			CreateAndSetChildDomain (45ms)
		EndReloadAssembly (1445ms)
			LoadAssemblies (184ms)
			RebuildTransferFunctionScriptingTraits (0ms)
			SetupTypeCache (373ms)
			ReleaseScriptCaches (4ms)
			RebuildScriptCaches (75ms)
			SetupLoadedEditorAssemblies (665ms)
				LogAssemblyErrors (0ms)
				InitializePlatformSupportModulesInManaged (18ms)
				SetLoadedEditorAssemblies (1ms)
				RefreshPlugins (1ms)
				BeforeProcessingInitializeOnLoad (112ms)
				ProcessInitializeOnLoadAttributes (476ms)
				ProcessInitializeOnLoadMethodAttributes (40ms)
				AfterProcessingInitializeOnLoad (16ms)
				EditorAssembliesLoaded (0ms)
			ExecutionOrderSort2 (0ms)
			AwakeInstancesAfterBackupRestoration (13ms)
Platform modules already initialized, skipping
Refreshing native plugins compatible for Editor in 2.38 ms, found 4 plugins.
Preloading 0 native plugins for Editor in 0.00 ms.
Unloading 3897 Unused Serialized files (Serialized files now loaded: 0)
Unloading 26 unused Assets / (24.6 KB). Loaded Objects now: 4392.
Memory consumption went from 150.0 MB to 150.0 MB.
Total: 6.095200 ms (FindLiveObjects: 0.558300 ms CreateObjectMapping: 0.991500 ms MarkObjects: 4.497400 ms  DeleteObjects: 0.046300 ms)

AssetImportParameters requested are different than current active one (requested -> active):
  custom:video-decoder-ogg-theora: a1e56fd34408186e4bbccfd4996cb3dc -> 
  custom:container-muxer-webm: aa71ff27fc2769a1b78a27578f13a17b -> 
  custom:container-demuxer-webm: 4f35f7cbe854078d1ac9338744f61a02 -> 
  custom:video-encoder-webm-vp8: eb34c28f22e8b96e1ab97ce403110664 -> 
  custom:audio-encoder-webm-vorbis: bf7c407c2cedff20999df2af8eb42d56 -> 
  custom:framework-win-MediaFoundation: 216162199b28c13a410421893ffa2e32 -> 
  custom:container-demuxer-ogg: 62fdf1f143b41e24485cea50d1cbac27 -> 
  custom:video-decoder-webm-vp8: 9c59270c3fd7afecdb556c50c9e8de78 -> 
  custom:audio-decoder-ogg-vorbis: bf7c407c2cedff20999df2af8eb42d56 -> 
========================================================================
Received Import Request.
  Time since last request: 656.732377 seconds.
  path: Assets/prefabs/Tank War Prefab/map/Born_enemy.prefab
  artifactKey: Guid(68acbdc27be1a0a488a049f7ce555455) Importer(815301076,1909f56bfc062723c751e8b465ee728b)
Start importing Assets/prefabs/Tank War Prefab/map/Born_enemy.prefab using Guid(68acbdc27be1a0a488a049f7ce555455) Importer(815301076,1909f56bfc062723c751e8b465ee728b)  -> (artifact id: '089613ca8be8ed728d79efd4d91cd0ad') in 0.328140 seconds 
========================================================================
Received Import Request.
  Time since last request: 0.000044 seconds.
  path: Assets/prefabs/Tank War Prefab/map/Enemy_big_fast.prefab
  artifactKey: Guid(7e4b9cc70fe5bd842b732a0c7a31da15) Importer(815301076,1909f56bfc062723c751e8b465ee728b)
Start importing Assets/prefabs/Tank War Prefab/map/Enemy_big_fast.prefab using Guid(7e4b9cc70fe5bd842b732a0c7a31da15) Importer(815301076,1909f56bfc062723c751e8b465ee728b)  -> (artifact id: 'd461ac4dee27d562687267aac73d09c4') in 0.026977 seconds 
========================================================================
Received Import Request.
  Time since last request: 0.000037 seconds.
  path: Assets/prefabs/Tank War Prefab/map/Player.prefab
  artifactKey: Guid(03fd65be88069d740a0ada69b177a74b) Importer(815301076,1909f56bfc062723c751e8b465ee728b)
Start importing Assets/prefabs/Tank War Prefab/map/Player.prefab using Guid(03fd65be88069d740a0ada69b177a74b) Importer(815301076,1909f56bfc062723c751e8b465ee728b)  -> (artifact id: '35fe590a39034aab095bc4be95ba1f0d') in 0.030926 seconds 
========================================================================
Received Import Request.
  Time since last request: 4.462601 seconds.
  path: Assets/prefabs/Tank War Prefab/map/Born_enemy.prefab
  artifactKey: Guid(68acbdc27be1a0a488a049f7ce555455) Importer(815301076,1909f56bfc062723c751e8b465ee728b)
Start importing Assets/prefabs/Tank War Prefab/map/Born_enemy.prefab using Guid(68acbdc27be1a0a488a049f7ce555455) Importer(815301076,1909f56bfc062723c751e8b465ee728b)  -> (artifact id: 'e2d8dff3739979d39226b22e2a2b0e10') in 0.056908 seconds 
========================================================================
Received Import Request.
  Time since last request: 0.000025 seconds.
  path: Assets/prefabs/Tank War Prefab/map/Enemy_big_slow.prefab
  artifactKey: Guid(6789d8df498cf11458e71ec345a67cc9) Importer(815301076,1909f56bfc062723c751e8b465ee728b)
Start importing Assets/prefabs/Tank War Prefab/map/Enemy_big_slow.prefab using Guid(6789d8df498cf11458e71ec345a67cc9) Importer(815301076,1909f56bfc062723c751e8b465ee728b)  -> (artifact id: '0055e28cd6f9032f8b5e91cb2e6b4d0e') in 0.027200 seconds 
========================================================================
Received Import Request.
  Time since last request: 0.000065 seconds.
  path: Assets/prefabs/Tank War Prefab/map/bullet_enemy.prefab
  artifactKey: Guid(67df831e5418cda42b8e5e5c4e3c3d9e) Importer(815301076,1909f56bfc062723c751e8b465ee728b)
Start importing Assets/prefabs/Tank War Prefab/map/bullet_enemy.prefab using Guid(67df831e5418cda42b8e5e5c4e3c3d9e) Importer(815301076,1909f56bfc062723c751e8b465ee728b)  -> (artifact id: '339cd49ca42bda2fcc29ad8af761a606') in 0.029133 seconds 
========================================================================
Received Import Request.
  Time since last request: 0.000025 seconds.
  path: Assets/prefabs/Tank War Prefab/map/Enemy_fast.prefab
  artifactKey: Guid(2361ea7c442afde4b9061f27f2e9be8d) Importer(815301076,1909f56bfc062723c751e8b465ee728b)
Start importing Assets/prefabs/Tank War Prefab/map/Enemy_fast.prefab using Guid(2361ea7c442afde4b9061f27f2e9be8d) Importer(815301076,1909f56bfc062723c751e8b465ee728b)  -> (artifact id: 'dce9ea74f77540be67fe6ef08f5343b0') in 0.030732 seconds 
========================================================================
Received Import Request.
  Time since last request: 0.000032 seconds.
  path: Assets/prefabs/Tank War Prefab/map/bullet_player.prefab
  artifactKey: Guid(84f3d742a07ef7e4c970f7a8bf1950cc) Importer(815301076,1909f56bfc062723c751e8b465ee728b)
Start importing Assets/prefabs/Tank War Prefab/map/bullet_player.prefab using Guid(84f3d742a07ef7e4c970f7a8bf1950cc) Importer(815301076,1909f56bfc062723c751e8b465ee728b)  -> (artifact id: 'fde831b8640dacf272aade489f46b3d5') in 0.026283 seconds 
========================================================================
Received Import Request.
  Time since last request: 4.147726 seconds.
  path: Assets/prefabs/Tank War Prefab/map/Born_enemy.prefab
  artifactKey: Guid(68acbdc27be1a0a488a049f7ce555455) Importer(815301076,1909f56bfc062723c751e8b465ee728b)
Start importing Assets/prefabs/Tank War Prefab/map/Born_enemy.prefab using Guid(68acbdc27be1a0a488a049f7ce555455) Importer(815301076,1909f56bfc062723c751e8b465ee728b)  -> (artifact id: 'edd407f9aa0b59b022f69b37a30eb4e5') in 0.051825 seconds 
========================================================================
Received Import Request.
  Time since last request: 0.000027 seconds.
  path: Assets/prefabs/Tank War Prefab/map/Enemy_slow.prefab
  artifactKey: Guid(ce80f06e0a0b2cf4f9719f4b8ebe4855) Importer(815301076,1909f56bfc062723c751e8b465ee728b)
Start importing Assets/prefabs/Tank War Prefab/map/Enemy_slow.prefab using Guid(ce80f06e0a0b2cf4f9719f4b8ebe4855) Importer(815301076,1909f56bfc062723c751e8b465ee728b)  -> (artifact id: '8d9906c0c5c389b0c4d495f45930500f') in 0.024198 seconds 
========================================================================
Received Import Request.
  Time since last request: 0.000070 seconds.
  path: Assets/prefabs/Tank War Prefab/map/Player.prefab
  artifactKey: Guid(03fd65be88069d740a0ada69b177a74b) Importer(815301076,1909f56bfc062723c751e8b465ee728b)
Start importing Assets/prefabs/Tank War Prefab/map/Player.prefab using Guid(03fd65be88069d740a0ada69b177a74b) Importer(815301076,1909f56bfc062723c751e8b465ee728b)  -> (artifact id: 'f144d530b11cca059cefd477d49c1f46') in 0.031310 seconds 
========================================================================
Received Import Request.
  Time since last request: 1.958300 seconds.
  path: Assets/prefabs/Tank War Prefab/map/Born_enemy.prefab
  artifactKey: Guid(68acbdc27be1a0a488a049f7ce555455) Importer(815301076,1909f56bfc062723c751e8b465ee728b)
Start importing Assets/prefabs/Tank War Prefab/map/Born_enemy.prefab using Guid(68acbdc27be1a0a488a049f7ce555455) Importer(815301076,1909f56bfc062723c751e8b465ee728b)  -> (artifact id: '6b37144e056801d0e669c7ab609f83e7') in 0.064430 seconds 
========================================================================
Received Import Request.
  Time since last request: 0.000031 seconds.
  path: Assets/prefabs/Tank War Prefab/map/Enemy_big_fast.prefab
  artifactKey: Guid(7e4b9cc70fe5bd842b732a0c7a31da15) Importer(815301076,1909f56bfc062723c751e8b465ee728b)
Start importing Assets/prefabs/Tank War Prefab/map/Enemy_big_fast.prefab using Guid(7e4b9cc70fe5bd842b732a0c7a31da15) Importer(815301076,1909f56bfc062723c751e8b465ee728b)  -> (artifact id: '8d74430fc9b7dd5fa2ea156e0e9abb4a') in 0.023519 seconds 
========================================================================
Received Import Request.
  Time since last request: 0.000039 seconds.
  path: Assets/prefabs/Tank War Prefab/map/bullet_player.prefab
  artifactKey: Guid(84f3d742a07ef7e4c970f7a8bf1950cc) Importer(815301076,1909f56bfc062723c751e8b465ee728b)
Start importing Assets/prefabs/Tank War Prefab/map/bullet_player.prefab using Guid(84f3d742a07ef7e4c970f7a8bf1950cc) Importer(815301076,1909f56bfc062723c751e8b465ee728b)  -> (artifact id: '5ac2522a20236737839bb7e76adbf57b') in 0.037587 seconds 
========================================================================
Received Import Request.
  Time since last request: 2.740341 seconds.
  path: Assets/prefabs/Tank War Prefab/map/Born_enemy.prefab
  artifactKey: Guid(68acbdc27be1a0a488a049f7ce555455) Importer(815301076,1909f56bfc062723c751e8b465ee728b)
Start importing Assets/prefabs/Tank War Prefab/map/Born_enemy.prefab using Guid(68acbdc27be1a0a488a049f7ce555455) Importer(815301076,1909f56bfc062723c751e8b465ee728b)  -> (artifact id: 'a01a45800a9f7e870cb19712354bd3fe') in 0.126409 seconds 
========================================================================
Received Import Request.
  Time since last request: 0.000023 seconds.
  path: Assets/prefabs/Tank War Prefab/map/Enemy_slow.prefab
  artifactKey: Guid(ce80f06e0a0b2cf4f9719f4b8ebe4855) Importer(815301076,1909f56bfc062723c751e8b465ee728b)
Start importing Assets/prefabs/Tank War Prefab/map/Enemy_slow.prefab using Guid(ce80f06e0a0b2cf4f9719f4b8ebe4855) Importer(815301076,1909f56bfc062723c751e8b465ee728b)  -> (artifact id: '2ad6cc5351569aecf2a021f0ba9ff86a') in 0.026959 seconds 
========================================================================
Received Import Request.
  Time since last request: 0.000025 seconds.
  path: Assets/prefabs/Tank War Prefab/map/Player.prefab
  artifactKey: Guid(03fd65be88069d740a0ada69b177a74b) Importer(815301076,1909f56bfc062723c751e8b465ee728b)
Start importing Assets/prefabs/Tank War Prefab/map/Player.prefab using Guid(03fd65be88069d740a0ada69b177a74b) Importer(815301076,1909f56bfc062723c751e8b465ee728b)  -> (artifact id: 'dbc6c59d49f695af2070e475d74f195a') in 0.026494 seconds 
========================================================================
Received Import Request.
  Time since last request: 11.089236 seconds.
  path: Assets/prefabs/Tank War Prefab/map/Born_enemy.prefab
  artifactKey: Guid(68acbdc27be1a0a488a049f7ce555455) Importer(815301076,1909f56bfc062723c751e8b465ee728b)
Start importing Assets/prefabs/Tank War Prefab/map/Born_enemy.prefab using Guid(68acbdc27be1a0a488a049f7ce555455) Importer(815301076,1909f56bfc062723c751e8b465ee728b)  -> (artifact id: '6c4d8b039b8041e0307291f337f0d84d') in 0.037096 seconds 
========================================================================
Received Import Request.
  Time since last request: 0.000043 seconds.
  path: Assets/prefabs/Tank War Prefab/map/Enemy_big_fast.prefab
  artifactKey: Guid(7e4b9cc70fe5bd842b732a0c7a31da15) Importer(815301076,1909f56bfc062723c751e8b465ee728b)
Start importing Assets/prefabs/Tank War Prefab/map/Enemy_big_fast.prefab using Guid(7e4b9cc70fe5bd842b732a0c7a31da15) Importer(815301076,1909f56bfc062723c751e8b465ee728b)  -> (artifact id: '8a51aedeebf7bcacb223354896e5292a') in 0.033183 seconds 
========================================================================
Received Import Request.
  Time since last request: 2.175096 seconds.
  path: Assets/prefabs/Tank War Prefab/map/Born_enemy.prefab
  artifactKey: Guid(68acbdc27be1a0a488a049f7ce555455) Importer(815301076,1909f56bfc062723c751e8b465ee728b)
Start importing Assets/prefabs/Tank War Prefab/map/Born_enemy.prefab using Guid(68acbdc27be1a0a488a049f7ce555455) Importer(815301076,1909f56bfc062723c751e8b465ee728b)  -> (artifact id: '1e76d86fc3c6361d0f256b9028fcedee') in 0.036804 seconds 
========================================================================
Received Import Request.
  Time since last request: 0.000032 seconds.
  path: Assets/prefabs/Tank War Prefab/map/Enemy_big_fast.prefab
  artifactKey: Guid(7e4b9cc70fe5bd842b732a0c7a31da15) Importer(815301076,1909f56bfc062723c751e8b465ee728b)
Start importing Assets/prefabs/Tank War Prefab/map/Enemy_big_fast.prefab using Guid(7e4b9cc70fe5bd842b732a0c7a31da15) Importer(815301076,1909f56bfc062723c751e8b465ee728b)  -> (artifact id: '9c4a2489b65f000829a84f8ba0f84303') in 0.027862 seconds 
========================================================================
Received Import Request.
  Time since last request: 0.000031 seconds.
  path: Assets/prefabs/Tank War Prefab/map/bullet_player.prefab
  artifactKey: Guid(84f3d742a07ef7e4c970f7a8bf1950cc) Importer(815301076,1909f56bfc062723c751e8b465ee728b)
Start importing Assets/prefabs/Tank War Prefab/map/bullet_player.prefab using Guid(84f3d742a07ef7e4c970f7a8bf1950cc) Importer(815301076,1909f56bfc062723c751e8b465ee728b)  -> (artifact id: '079c4800dc23232d9c62da33e2579e49') in 0.027312 seconds 
========================================================================
Received Import Request.
  Time since last request: 9.077665 seconds.
  path: Assets/prefabs/Tank War Prefab/map/Born_enemy.prefab
  artifactKey: Guid(68acbdc27be1a0a488a049f7ce555455) Importer(815301076,1909f56bfc062723c751e8b465ee728b)
Start importing Assets/prefabs/Tank War Prefab/map/Born_enemy.prefab using Guid(68acbdc27be1a0a488a049f7ce555455) Importer(815301076,1909f56bfc062723c751e8b465ee728b)  -> (artifact id: '2d90ca1570882d811bf77d899195c6a5') in 0.040219 seconds 
========================================================================
Received Import Request.
  Time since last request: 0.000048 seconds.
  path: Assets/prefabs/Tank War Prefab/map/Enemy_big_fast.prefab
  artifactKey: Guid(7e4b9cc70fe5bd842b732a0c7a31da15) Importer(815301076,1909f56bfc062723c751e8b465ee728b)
Start importing Assets/prefabs/Tank War Prefab/map/Enemy_big_fast.prefab using Guid(7e4b9cc70fe5bd842b732a0c7a31da15) Importer(815301076,1909f56bfc062723c751e8b465ee728b)  -> (artifact id: 'ca4ca1f960d4776ba9ecf065a74a95b2') in 0.023995 seconds 
========================================================================
Received Import Request.
  Time since last request: 0.000034 seconds.
  path: Assets/prefabs/Tank War Prefab/map/bullet_player.prefab
  artifactKey: Guid(84f3d742a07ef7e4c970f7a8bf1950cc) Importer(815301076,1909f56bfc062723c751e8b465ee728b)
Start importing Assets/prefabs/Tank War Prefab/map/bullet_player.prefab using Guid(84f3d742a07ef7e4c970f7a8bf1950cc) Importer(815301076,1909f56bfc062723c751e8b465ee728b)  -> (artifact id: 'c2633da90b19b2071facfa5e15be261e') in 0.024849 seconds 
========================================================================
Received Import Request.
  Time since last request: 3.497946 seconds.
  path: Assets/prefabs/Tank War Prefab/map/Born_enemy.prefab
  artifactKey: Guid(68acbdc27be1a0a488a049f7ce555455) Importer(815301076,1909f56bfc062723c751e8b465ee728b)
Start importing Assets/prefabs/Tank War Prefab/map/Born_enemy.prefab using Guid(68acbdc27be1a0a488a049f7ce555455) Importer(815301076,1909f56bfc062723c751e8b465ee728b)  -> (artifact id: '18be8e391abff14f6e72441eda95c277') in 0.033621 seconds 
========================================================================
Received Import Request.
  Time since last request: 0.000052 seconds.
  path: Assets/prefabs/Tank War Prefab/map/Enemy_big_fast.prefab
  artifactKey: Guid(7e4b9cc70fe5bd842b732a0c7a31da15) Importer(815301076,1909f56bfc062723c751e8b465ee728b)
Start importing Assets/prefabs/Tank War Prefab/map/Enemy_big_fast.prefab using Guid(7e4b9cc70fe5bd842b732a0c7a31da15) Importer(815301076,1909f56bfc062723c751e8b465ee728b)  -> (artifact id: '4c3e0fdcda3876774719865e60a46769') in 0.027859 seconds 
========================================================================
Received Import Request.
  Time since last request: 0.000029 seconds.
  path: Assets/prefabs/Tank War Prefab/map/bullet_player.prefab
  artifactKey: Guid(84f3d742a07ef7e4c970f7a8bf1950cc) Importer(815301076,1909f56bfc062723c751e8b465ee728b)
Start importing Assets/prefabs/Tank War Prefab/map/bullet_player.prefab using Guid(84f3d742a07ef7e4c970f7a8bf1950cc) Importer(815301076,1909f56bfc062723c751e8b465ee728b)  -> (artifact id: '625d019c96405e4cd7b14db1e0a8c4eb') in 0.024950 seconds 
========================================================================
Received Import Request.
  Time since last request: 10.013086 seconds.
  path: Assets/prefabs/Tank War Prefab/map/Born_enemy.prefab
  artifactKey: Guid(68acbdc27be1a0a488a049f7ce555455) Importer(815301076,1909f56bfc062723c751e8b465ee728b)
Start importing Assets/prefabs/Tank War Prefab/map/Born_enemy.prefab using Guid(68acbdc27be1a0a488a049f7ce555455) Importer(815301076,1909f56bfc062723c751e8b465ee728b)  -> (artifact id: '5cc0a2eefa89c35a7ab106c1c35e63cf') in 0.034137 seconds 
========================================================================
Received Import Request.
  Time since last request: 0.000030 seconds.
  path: Assets/prefabs/Tank War Prefab/map/Enemy_slow.prefab
  artifactKey: Guid(ce80f06e0a0b2cf4f9719f4b8ebe4855) Importer(815301076,1909f56bfc062723c751e8b465ee728b)
Start importing Assets/prefabs/Tank War Prefab/map/Enemy_slow.prefab using Guid(ce80f06e0a0b2cf4f9719f4b8ebe4855) Importer(815301076,1909f56bfc062723c751e8b465ee728b)  -> (artifact id: '02f25267cb85a8e911b8b5243c79b40e') in 0.032376 seconds 
========================================================================
Received Import Request.
  Time since last request: 0.000029 seconds.
  path: Assets/prefabs/Tank War Prefab/map/Player.prefab
  artifactKey: Guid(03fd65be88069d740a0ada69b177a74b) Importer(815301076,1909f56bfc062723c751e8b465ee728b)
Start importing Assets/prefabs/Tank War Prefab/map/Player.prefab using Guid(03fd65be88069d740a0ada69b177a74b) Importer(815301076,1909f56bfc062723c751e8b465ee728b)  -> (artifact id: 'c5fe7cd9c962cd02f5e85ba6e264e9e1') in 0.027226 seconds 
========================================================================
Received Import Request.
  Time since last request: 6.927406 seconds.
  path: Assets/prefabs/Tank War Prefab/map/Born_enemy.prefab
  artifactKey: Guid(68acbdc27be1a0a488a049f7ce555455) Importer(815301076,1909f56bfc062723c751e8b465ee728b)
Start importing Assets/prefabs/Tank War Prefab/map/Born_enemy.prefab using Guid(68acbdc27be1a0a488a049f7ce555455) Importer(815301076,1909f56bfc062723c751e8b465ee728b)  -> (artifact id: '00d1447e15378320e63303f45755f4c9') in 0.041246 seconds 
========================================================================
Received Import Request.
  Time since last request: 0.000030 seconds.
  path: Assets/prefabs/Tank War Prefab/map/Enemy_big_fast.prefab
  artifactKey: Guid(7e4b9cc70fe5bd842b732a0c7a31da15) Importer(815301076,1909f56bfc062723c751e8b465ee728b)
Start importing Assets/prefabs/Tank War Prefab/map/Enemy_big_fast.prefab using Guid(7e4b9cc70fe5bd842b732a0c7a31da15) Importer(815301076,1909f56bfc062723c751e8b465ee728b)  -> (artifact id: '4c843ca5ec6bf71a41e3fc8b6ac40e40') in 0.024090 seconds 
========================================================================
Received Import Request.
  Time since last request: 0.000028 seconds.
  path: Assets/prefabs/Tank War Prefab/map/bullet_player.prefab
  artifactKey: Guid(84f3d742a07ef7e4c970f7a8bf1950cc) Importer(815301076,1909f56bfc062723c751e8b465ee728b)
Start importing Assets/prefabs/Tank War Prefab/map/bullet_player.prefab using Guid(84f3d742a07ef7e4c970f7a8bf1950cc) Importer(815301076,1909f56bfc062723c751e8b465ee728b)  -> (artifact id: '4ae8bad683e63d59ed979f56dfb4703a') in 0.028431 seconds 
========================================================================
Received Import Request.
  Time since last request: 5.642222 seconds.
  path: Assets/prefabs/Tank War Prefab/map/Born_enemy.prefab
  artifactKey: Guid(68acbdc27be1a0a488a049f7ce555455) Importer(815301076,1909f56bfc062723c751e8b465ee728b)
Start importing Assets/prefabs/Tank War Prefab/map/Born_enemy.prefab using Guid(68acbdc27be1a0a488a049f7ce555455) Importer(815301076,1909f56bfc062723c751e8b465ee728b)  -> (artifact id: '7c89e0baaeca64d42259a20c6ed46405') in 0.168967 seconds 
========================================================================
Received Import Request.
  Time since last request: 0.000034 seconds.
  path: Assets/prefabs/Tank War Prefab/map/Enemy_big_fast.prefab
  artifactKey: Guid(7e4b9cc70fe5bd842b732a0c7a31da15) Importer(815301076,1909f56bfc062723c751e8b465ee728b)
Start importing Assets/prefabs/Tank War Prefab/map/Enemy_big_fast.prefab using Guid(7e4b9cc70fe5bd842b732a0c7a31da15) Importer(815301076,1909f56bfc062723c751e8b465ee728b)  -> (artifact id: '44bf1b147801590f7bef69d03c645555') in 0.031715 seconds 
========================================================================
Received Import Request.
  Time since last request: 0.000051 seconds.
  path: Assets/prefabs/Tank War Prefab/map/bullet_player.prefab
  artifactKey: Guid(84f3d742a07ef7e4c970f7a8bf1950cc) Importer(815301076,1909f56bfc062723c751e8b465ee728b)
Start importing Assets/prefabs/Tank War Prefab/map/bullet_player.prefab using Guid(84f3d742a07ef7e4c970f7a8bf1950cc) Importer(815301076,1909f56bfc062723c751e8b465ee728b)  -> (artifact id: 'e1dddf328b621fdf9e6eff6731addf5e') in 0.031531 seconds 
========================================================================
Received Prepare
Registering precompiled user dll's ...
Registered in 0.017479 seconds.
Begin MonoManager ReloadAssembly
Symbol file LoadedFromMemory doesn't match image E:\Unity\Project\tank\Library\PackageCache\com.unity.visualscripting@1.7.5\Editor\VisualScripting.Core\Dependencies\YamlDotNet\Unity.VisualScripting.YamlDotNet.dll
Symbol file LoadedFromMemory doesn't match image E:\Unity\Project\tank\Library\PackageCache\com.unity.visualscripting@1.7.5\Editor\VisualScripting.Core\Dependencies\DotNetZip\Unity.VisualScripting.IonicZip.dll
Native extension for WindowsStandalone target not found
Refreshing native plugins compatible for Editor in 1.46 ms, found 4 plugins.
Preloading 0 native plugins for Editor in 0.00 ms.
Mono: successfully reloaded assembly
- Completed reload, in  1.943 seconds
Domain Reload Profiling:
	ReloadAssembly (1944ms)
		BeginReloadAssembly (253ms)
			ExecutionOrderSort (0ms)
			DisableScriptedObjects (7ms)
			BackupInstance (0ms)
			ReleaseScriptingObjects (1ms)
			CreateAndSetChildDomain (82ms)
		EndReloadAssembly (1499ms)
			LoadAssemblies (193ms)
			RebuildTransferFunctionScriptingTraits (0ms)
			SetupTypeCache (385ms)
			ReleaseScriptCaches (3ms)
			RebuildScriptCaches (87ms)
			SetupLoadedEditorAssemblies (697ms)
				LogAssemblyErrors (0ms)
				InitializePlatformSupportModulesInManaged (17ms)
				SetLoadedEditorAssemblies (1ms)
				RefreshPlugins (2ms)
				BeforeProcessingInitializeOnLoad (113ms)
				ProcessInitializeOnLoadAttributes (490ms)
				ProcessInitializeOnLoadMethodAttributes (56ms)
				AfterProcessingInitializeOnLoad (19ms)
				EditorAssembliesLoaded (0ms)
			ExecutionOrderSort2 (0ms)
			AwakeInstancesAfterBackupRestoration (19ms)
Platform modules already initialized, skipping
Refreshing native plugins compatible for Editor in 1.07 ms, found 4 plugins.
Preloading 0 native plugins for Editor in 0.00 ms.
Unloading 3897 Unused Serialized files (Serialized files now loaded: 0)
Unloading 26 unused Assets / (24.6 KB). Loaded Objects now: 4400.
Memory consumption went from 154.9 MB to 154.8 MB.
Total: 5.972800 ms (FindLiveObjects: 0.620600 ms CreateObjectMapping: 0.395300 ms MarkObjects: 4.897700 ms  DeleteObjects: 0.057700 ms)

AssetImportParameters requested are different than current active one (requested -> active):
  custom:video-decoder-ogg-theora: a1e56fd34408186e4bbccfd4996cb3dc -> 
  custom:container-muxer-webm: aa71ff27fc2769a1b78a27578f13a17b -> 
  custom:container-demuxer-webm: 4f35f7cbe854078d1ac9338744f61a02 -> 
  custom:video-encoder-webm-vp8: eb34c28f22e8b96e1ab97ce403110664 -> 
  custom:audio-encoder-webm-vorbis: bf7c407c2cedff20999df2af8eb42d56 -> 
  custom:framework-win-MediaFoundation: 216162199b28c13a410421893ffa2e32 -> 
  custom:container-demuxer-ogg: 62fdf1f143b41e24485cea50d1cbac27 -> 
  custom:video-decoder-webm-vp8: 9c59270c3fd7afecdb556c50c9e8de78 -> 
  custom:audio-decoder-ogg-vorbis: bf7c407c2cedff20999df2af8eb42d56 -> 
========================================================================
Received Prepare
Registering precompiled user dll's ...
Registered in 0.017701 seconds.
Begin MonoManager ReloadAssembly
Symbol file LoadedFromMemory doesn't match image E:\Unity\Project\tank\Library\PackageCache\com.unity.visualscripting@1.7.5\Editor\VisualScripting.Core\Dependencies\YamlDotNet\Unity.VisualScripting.YamlDotNet.dll
Symbol file LoadedFromMemory doesn't match image E:\Unity\Project\tank\Library\PackageCache\com.unity.visualscripting@1.7.5\Editor\VisualScripting.Core\Dependencies\DotNetZip\Unity.VisualScripting.IonicZip.dll
Native extension for WindowsStandalone target not found
Refreshing native plugins compatible for Editor in 0.74 ms, found 4 plugins.
Preloading 0 native plugins for Editor in 0.00 ms.
Mono: successfully reloaded assembly
- Completed reload, in  1.589 seconds
Domain Reload Profiling:
	ReloadAssembly (1590ms)
		BeginReloadAssembly (348ms)
			ExecutionOrderSort (0ms)
			DisableScriptedObjects (13ms)
			BackupInstance (0ms)
			ReleaseScriptingObjects (0ms)
			CreateAndSetChildDomain (116ms)
		EndReloadAssembly (1035ms)
			LoadAssemblies (244ms)
			RebuildTransferFunctionScriptingTraits (0ms)
			SetupTypeCache (231ms)
			ReleaseScriptCaches (1ms)
			RebuildScriptCaches (52ms)
			SetupLoadedEditorAssemblies (487ms)
				LogAssemblyErrors (0ms)
				InitializePlatformSupportModulesInManaged (11ms)
				SetLoadedEditorAssemblies (0ms)
				RefreshPlugins (1ms)
				BeforeProcessingInitializeOnLoad (80ms)
				ProcessInitializeOnLoadAttributes (346ms)
				ProcessInitializeOnLoadMethodAttributes (33ms)
				AfterProcessingInitializeOnLoad (15ms)
				EditorAssembliesLoaded (0ms)
			ExecutionOrderSort2 (0ms)
			AwakeInstancesAfterBackupRestoration (11ms)
Platform modules already initialized, skipping
Refreshing native plugins compatible for Editor in 0.69 ms, found 4 plugins.
Preloading 0 native plugins for Editor in 0.00 ms.
Unloading 3897 Unused Serialized files (Serialized files now loaded: 0)
Unloading 26 unused Assets / (24.6 KB). Loaded Objects now: 4402.
Memory consumption went from 154.9 MB to 154.8 MB.
Total: 5.110600 ms (FindLiveObjects: 0.408300 ms CreateObjectMapping: 0.244400 ms MarkObjects: 4.422000 ms  DeleteObjects: 0.034300 ms)

AssetImportParameters requested are different than current active one (requested -> active):
  custom:video-decoder-ogg-theora: a1e56fd34408186e4bbccfd4996cb3dc -> 
  custom:container-muxer-webm: aa71ff27fc2769a1b78a27578f13a17b -> 
  custom:container-demuxer-webm: 4f35f7cbe854078d1ac9338744f61a02 -> 
  custom:video-encoder-webm-vp8: eb34c28f22e8b96e1ab97ce403110664 -> 
  custom:audio-encoder-webm-vorbis: bf7c407c2cedff20999df2af8eb42d56 -> 
  custom:framework-win-MediaFoundation: 216162199b28c13a410421893ffa2e32 -> 
  custom:container-demuxer-ogg: 62fdf1f143b41e24485cea50d1cbac27 -> 
  custom:video-decoder-webm-vp8: 9c59270c3fd7afecdb556c50c9e8de78 -> 
  custom:audio-decoder-ogg-vorbis: bf7c407c2cedff20999df2af8eb42d56 -> 
========================================================================
Received Import Request.
  Time since last request: 2959.985378 seconds.
  path: Assets/prefabs/Tank War Prefab/map/Born_enemy.prefab
  artifactKey: Guid(68acbdc27be1a0a488a049f7ce555455) Importer(815301076,1909f56bfc062723c751e8b465ee728b)
Start importing Assets/prefabs/Tank War Prefab/map/Born_enemy.prefab using Guid(68acbdc27be1a0a488a049f7ce555455) Importer(815301076,1909f56bfc062723c751e8b465ee728b)  -> (artifact id: '151fc0fcd3d26a099c9c7571d4856651') in 0.093729 seconds 
========================================================================
Received Import Request.
  Time since last request: 0.000025 seconds.
  path: Assets/prefabs/Tank War Prefab/map/Enemy_slow.prefab
  artifactKey: Guid(ce80f06e0a0b2cf4f9719f4b8ebe4855) Importer(815301076,1909f56bfc062723c751e8b465ee728b)
Start importing Assets/prefabs/Tank War Prefab/map/Enemy_slow.prefab using Guid(ce80f06e0a0b2cf4f9719f4b8ebe4855) Importer(815301076,1909f56bfc062723c751e8b465ee728b)  -> (artifact id: 'b68cefd7c388f58d0a44578b5bb60d7c') in 0.024760 seconds 
========================================================================
Received Import Request.
  Time since last request: 0.000031 seconds.
  path: Assets/prefabs/Tank War Prefab/map/Enemy_fast.prefab
  artifactKey: Guid(2361ea7c442afde4b9061f27f2e9be8d) Importer(815301076,1909f56bfc062723c751e8b465ee728b)
Start importing Assets/prefabs/Tank War Prefab/map/Enemy_fast.prefab using Guid(2361ea7c442afde4b9061f27f2e9be8d) Importer(815301076,1909f56bfc062723c751e8b465ee728b)  -> (artifact id: 'f11c76459d1b778d387e0abe36504410') in 0.027384 seconds 
========================================================================
Received Import Request.
  Time since last request: 0.000019 seconds.
  path: Assets/prefabs/Tank War Prefab/map/Player.prefab
  artifactKey: Guid(03fd65be88069d740a0ada69b177a74b) Importer(815301076,1909f56bfc062723c751e8b465ee728b)
Start importing Assets/prefabs/Tank War Prefab/map/Player.prefab using Guid(03fd65be88069d740a0ada69b177a74b) Importer(815301076,1909f56bfc062723c751e8b465ee728b)  -> (artifact id: '6fe3c3486285f57c5ddb2732d9ac217d') in 0.024062 seconds 
========================================================================
Received Prepare
Registering precompiled user dll's ...
Registered in 0.018623 seconds.
Begin MonoManager ReloadAssembly
Symbol file LoadedFromMemory doesn't match image E:\Unity\Project\tank\Library\PackageCache\com.unity.visualscripting@1.7.5\Editor\VisualScripting.Core\Dependencies\YamlDotNet\Unity.VisualScripting.YamlDotNet.dll
Symbol file LoadedFromMemory doesn't match image E:\Unity\Project\tank\Library\PackageCache\com.unity.visualscripting@1.7.5\Editor\VisualScripting.Core\Dependencies\DotNetZip\Unity.VisualScripting.IonicZip.dll
Native extension for WindowsStandalone target not found
Refreshing native plugins compatible for Editor in 4.53 ms, found 4 plugins.
Preloading 0 native plugins for Editor in 0.00 ms.
Mono: successfully reloaded assembly
- Completed reload, in  2.059 seconds
Domain Reload Profiling:
	ReloadAssembly (2060ms)
		BeginReloadAssembly (221ms)
			ExecutionOrderSort (0ms)
			DisableScriptedObjects (7ms)
			BackupInstance (0ms)
			ReleaseScriptingObjects (0ms)
			CreateAndSetChildDomain (56ms)
		EndReloadAssembly (1702ms)
			LoadAssemblies (178ms)
			RebuildTransferFunctionScriptingTraits (0ms)
			SetupTypeCache (270ms)
			ReleaseScriptCaches (3ms)
			RebuildScriptCaches (68ms)
			SetupLoadedEditorAssemblies (956ms)
				LogAssemblyErrors (0ms)
				InitializePlatformSupportModulesInManaged (26ms)
				SetLoadedEditorAssemblies (1ms)
				RefreshPlugins (5ms)
				BeforeProcessingInitializeOnLoad (156ms)
				ProcessInitializeOnLoadAttributes (672ms)
				ProcessInitializeOnLoadMethodAttributes (71ms)
				AfterProcessingInitializeOnLoad (24ms)
				EditorAssembliesLoaded (0ms)
			ExecutionOrderSort2 (0ms)
			AwakeInstancesAfterBackupRestoration (30ms)
Platform modules already initialized, skipping
Refreshing native plugins compatible for Editor in 1.95 ms, found 4 plugins.
Preloading 0 native plugins for Editor in 0.00 ms.
Unloading 3897 Unused Serialized files (Serialized files now loaded: 0)
Unloading 26 unused Assets / (24.6 KB). Loaded Objects now: 4404.
Memory consumption went from 154.9 MB to 154.9 MB.
Total: 8.333300 ms (FindLiveObjects: 1.119900 ms CreateObjectMapping: 0.788600 ms MarkObjects: 6.326000 ms  DeleteObjects: 0.095200 ms)

AssetImportParameters requested are different than current active one (requested -> active):
  custom:video-decoder-ogg-theora: a1e56fd34408186e4bbccfd4996cb3dc -> 
  custom:container-muxer-webm: aa71ff27fc2769a1b78a27578f13a17b -> 
  custom:container-demuxer-webm: 4f35f7cbe854078d1ac9338744f61a02 -> 
  custom:video-encoder-webm-vp8: eb34c28f22e8b96e1ab97ce403110664 -> 
  custom:audio-encoder-webm-vorbis: bf7c407c2cedff20999df2af8eb42d56 -> 
  custom:framework-win-MediaFoundation: 216162199b28c13a410421893ffa2e32 -> 
  custom:container-demuxer-ogg: 62fdf1f143b41e24485cea50d1cbac27 -> 
  custom:video-decoder-webm-vp8: 9c59270c3fd7afecdb556c50c9e8de78 -> 
  custom:audio-decoder-ogg-vorbis: bf7c407c2cedff20999df2af8eb42d56 -> 
Editor requested this worker to shutdown with reason: Scaling down because of idle timeout
AssetImportWorker is now disconnected from the server
Process exiting
Exiting without the bug reporter. Application will terminate with return code 0